<?xml version="1.0" encoding="UTF-8"?>
<robot generator="Robot 7.2.2 (Python 3.13.3 on win32)" generated="2025-05-07T00:29:43.331853" rpa="false" schemaversion="5">
<suite id="s1" name="Amazon-Testes" source="L:\Coder\Estudos-Full-Stack\QA\Robot Framework\UDM webtesting\amazon-testes.robot">
<test id="s1-t1" name="Caso de Teste 02 - Pesquisa de um Produto" line="19">
<kw name="Abrir o navegador" owner="amazon-resources" type="SETUP">
<kw name="Open Browser" owner="SeleniumLibrary">
<msg time="2025-05-07T00:29:44.050895" level="INFO">Opening browser 'chrome' to base url 'None'.</msg>
<arg>browser=chrome</arg>
<doc>Opens a new browser instance to the optional ``url``.</doc>
<status status="PASS" start="2025-05-07T00:29:44.050581" elapsed="1.780506"/>
</kw>
<status status="PASS" start="2025-05-07T00:29:44.049213" elapsed="1.782130"/>
</kw>
<kw name="Acessar a home page do site Amazon.com.br" owner="amazon-resources">
<kw name="Go To" owner="SeleniumLibrary">
<msg time="2025-05-07T00:29:45.832532" level="INFO">Opening url 'https://www.amazon.com.br'</msg>
<arg>url=${URL}</arg>
<doc>Navigates the current browser window to the provided ``url``.</doc>
<status status="PASS" start="2025-05-07T00:29:45.832277" elapsed="0.968652"/>
</kw>
<kw name="Maximize Browser Window" owner="SeleniumLibrary">
<doc>Maximizes current browser window.</doc>
<status status="PASS" start="2025-05-07T00:29:46.801580" elapsed="0.057839"/>
</kw>
<kw name="Sleep" owner="BuiltIn">
<msg time="2025-05-07T00:30:01.861813" level="INFO">Slept 15 seconds.</msg>
<arg>15s</arg>
<doc>Pauses the test executed for the given time.</doc>
<status status="PASS" start="2025-05-07T00:29:46.860161" elapsed="15.001984"/>
</kw>
<kw name="Wait Until Element Is Visible" owner="SeleniumLibrary">
<arg>locator=${LOGO-MENU}</arg>
<doc>Waits until the element ``locator`` is visible.</doc>
<status status="PASS" start="2025-05-07T00:30:01.862630" elapsed="0.092295"/>
</kw>
<status status="PASS" start="2025-05-07T00:29:45.831869" elapsed="16.123434"/>
</kw>
<kw name="Digitar o nome de produto &quot;Xbox Series S&quot; no campo de pesquisa" owner="amazon-resources" source_name="Digitar o nome de produto &quot;${NOME-PRODUTO}&quot; no campo de pesquisa">
<kw name="Input Text" owner="SeleniumLibrary">
<msg time="2025-05-07T00:30:01.958650" level="INFO">Typing text 'Xbox Series S' into text field 'twotabsearchtextbox'.</msg>
<arg>locator=twotabsearchtextbox</arg>
<arg>text=${NOME-PRODUTO}</arg>
<doc>Types the given ``text`` into the text field identified by ``locator``.</doc>
<status status="PASS" start="2025-05-07T00:30:01.957837" elapsed="0.349370"/>
</kw>
<status status="PASS" start="2025-05-07T00:30:01.956492" elapsed="0.351089"/>
</kw>
<kw name="Clicar no botão de pesquisa" owner="amazon-resources">
<kw name="Click Element" owner="SeleniumLibrary">
<msg time="2025-05-07T00:30:02.311393" level="INFO">Clicking element 'nav-search-submit-button'.</msg>
<arg>locator=nav-search-submit-button</arg>
<doc>Click the element identified by ``locator``.</doc>
<status status="PASS" start="2025-05-07T00:30:02.310528" elapsed="2.196914"/>
</kw>
<status status="PASS" start="2025-05-07T00:30:02.309114" elapsed="2.198634"/>
</kw>
<kw name="Verificar o resultado da pesquisa, se está listando o &quot;Console Xbox Series S&quot;" owner="amazon-resources" source_name="Verificar o resultado da pesquisa, se está listando o &quot;${NOME-PRODUTO}&quot;">
<kw name="Wait Until Element Is Visible" owner="SeleniumLibrary">
<arg>locator=//span[normalize-space()='${NOME-PRODUTO}']</arg>
<doc>Waits until the element ``locator`` is visible.</doc>
<status status="PASS" start="2025-05-07T00:30:04.509686" elapsed="0.085095"/>
</kw>
<status status="PASS" start="2025-05-07T00:30:04.508721" elapsed="0.086566"/>
</kw>
<kw name="Fechar o navegador" owner="amazon-resources" type="TEARDOWN">
<kw name="Capture Page Screenshot" owner="SeleniumLibrary">
<msg time="2025-05-07T00:30:04.977258" level="INFO" html="true">&lt;/td&gt;&lt;/tr&gt;&lt;tr&gt;&lt;td colspan="3"&gt;&lt;a href="selenium-screenshot-3.png"&gt;&lt;img src="selenium-screenshot-3.png" width="800px"&gt;&lt;/a&gt;</msg>
<doc>Takes a screenshot of the current page and embeds it into a log file.</doc>
<status status="PASS" start="2025-05-07T00:30:04.597889" elapsed="0.379827"/>
</kw>
<kw name="Close Browser" owner="SeleniumLibrary">
<doc>Closes the current browser.</doc>
<status status="PASS" start="2025-05-07T00:30:04.978332" elapsed="2.692158"/>
</kw>
<status status="PASS" start="2025-05-07T00:30:04.596694" elapsed="3.074116"/>
</kw>
<doc>Esse teste verifica a busca de produtos.</doc>
<tag>busca-produtos</tag>
<tag>lista-busca</tag>
<status status="PASS" start="2025-05-07T00:29:44.047837" elapsed="23.623616"/>
</test>
<doc>Essa suíte testa o site da Amazon</doc>
<status status="PASS" start="2025-05-07T00:29:43.337348" elapsed="24.336859"/>
</suite>
<statistics>
<total>
<stat pass="1" fail="0" skip="0">All Tests</stat>
</total>
<tag>
<stat pass="1" fail="0" skip="0">busca-produtos</stat>
<stat pass="1" fail="0" skip="0">lista-busca</stat>
</tag>
<suite>
<stat name="Amazon-Testes" id="s1" pass="1" fail="0" skip="0">Amazon-Testes</stat>
</suite>
</statistics>
<errors>
</errors>
</robot>
