<?xml version="1.0" encoding="UTF-8"?>
<robot generator="Robot 7.2.2 (Python 3.13.3 on win32)" generated="2025-05-10T13:14:59.285833" rpa="false" schemaversion="5">
<suite id="s1" name="Exe02-Var" source="L:\Coder\Estudos-Full-Stack\QA\Robot Framework\UDM s4\VariaveisEscoposArgumentos\exe02-var.robot">
<test id="s1-t1" name="Case mostrar resultado do email" line="18">
<kw name="keyword cria email">
<kw name="Generate Random String" owner="String">
<msg time="2025-05-10T13:14:59.413054" level="INFO">${ALEATORIA} = igLc8nRZ</msg>
<var>${ALEATORIA}</var>
<doc>Generates a string with a desired ``length`` from the given ``chars``.</doc>
<status status="PASS" start="2025-05-10T13:14:59.412640" elapsed="0.000479"/>
</kw>
<kw name="Set Variable" owner="BuiltIn">
<msg time="2025-05-10T13:14:59.413732" level="INFO">${EMAIL-CRIADO} = RuanRichardigLc8nRZ@testerobot.com</msg>
<var>${EMAIL-CRIADO}</var>
<arg>${NOME}${SOBRENOME}${ALEATORIA}@testerobot.com</arg>
<doc>Returns the given values which can then be assigned to a variables.</doc>
<status status="PASS" start="2025-05-10T13:14:59.413371" elapsed="0.000423"/>
</kw>
<return>
<value>${EMAIL-CRIADO}</value>
<status status="PASS" start="2025-05-10T13:14:59.413902" elapsed="0.000101"/>
</return>
<msg time="2025-05-10T13:14:59.414237" level="INFO">${EMAIL} = RuanRichardigLc8nRZ@testerobot.com</msg>
<var>${EMAIL}</var>
<arg>${PESSOA.nome}</arg>
<arg>${PESSOA.sobrenome}</arg>
<status status="PASS" start="2025-05-10T13:14:59.407319" elapsed="0.006950"/>
</kw>
<kw name="Log To Console" owner="BuiltIn">
<arg>${EMAIL}</arg>
<doc>Logs the given message to the console.</doc>
<status status="PASS" start="2025-05-10T13:14:59.416180" elapsed="0.005053"/>
</kw>
<status status="PASS" start="2025-05-10T13:14:59.403265" elapsed="0.019589"/>
</test>
<doc>1- Cria uma nova keyword, onde ela nos produzirá um e-mail customizado com
as seguintes regras:
 - Essa keyword deve receber por argumento o nome e sobrenome de uma pessoa
 - Essa keyword deve gerar uma palavra aleatória que será usada na
 composição do e-mail
 - Junte o nome + sobrenome + palavra aleatória + @testerobot.com e retorne
 esse e-mail montado ao final da keyword.
2- Crie um teste que vai chamar essa keyword, passar os argumentos esperados
e armazenar o valor retornado em uma nova variável simples;
3- Faça um Log To Console para imprimir essa variável simples.</doc>
<status status="PASS" start="2025-05-10T13:14:59.289357" elapsed="0.135443"/>
</suite>
<statistics>
<total>
<stat pass="1" fail="0" skip="0">All Tests</stat>
</total>
<tag>
</tag>
<suite>
<stat name="Exe02-Var" id="s1" pass="1" fail="0" skip="0">Exe02-Var</stat>
</suite>
</statistics>
<errors>
<msg time="2025-05-10T13:14:59.279856" level="WARN">Error in file 'L:\Coder\Estudos-Full-Stack\QA\Robot Framework\UDM s4\VariaveisEscoposArgumentos\exe02-var.robot' on line 28: The '[Return]' setting is deprecated. Use the 'RETURN' statement instead.</msg>
</errors>
</robot>
